<?xml version="1.0" encoding="UTF-8"?>
<testsuite xmlns:xsi="http://www.w3.org/2001/XMLSchema-instance" xsi:noNamespaceSchemaLocation="https://maven.apache.org/surefire/maven-surefire-plugin/xsd/surefire-test-report-3.0.xsd" version="3.0" name="com.zosh.EcommerceMultiVendorApplicationTests" time="35.149" tests="1" errors="0" skipped="0" failures="0">
  <properties>
[...]
</properties>
  <testcase name="contextLoads" classname="com.zosh.EcommerceMultiVendorApplicationTests" time="1.352">
    <system-out><![CDATA[15:20:12.200 [main] INFO org.springframework.test.context.support.AnnotationConfigContextLoaderUtils -- Could not detect default configuration classes for test class [com.zosh.EcommerceMultiVendorApplicationTests]: EcommerceMultiVendorApplicationTests does not declare any static, non-private, non-final, nested classes annotated with @Configuration.
15:20:12.517 [main] INFO org.springframework.boot.test.context.SpringBootTestContextBootstrapper -- Found @SpringBootConfiguration com.zosh.EcommerceMultiVendorApplication for test class com.zosh.EcommerceMultiVendorApplicationTests
15:20:12.955 [main] INFO org.springframework.boot.devtools.restart.RestartApplicationListener -- Restart disabled due to context in which it is running

  .   ____          _            __ _ _
 /\\ / ___'_ __ _ _(_)_ __  __ _ \ \ \ \
( ( )\___ | '_ | '_| | '_ \/ _` | \ \ \ \
 \\/  ___)| |_)| | | | | || (_| |  ) ) ) )
  '  |____| .__|_| |_|_| |_\__, | / / / /
 =========|_|==============|___/=/_/_/_/

 :: Spring Boot ::                (v3.3.2)

2025-03-20T15:20:13.676+05:30  INFO 12504 --- [           main] c.z.EcommerceMultiVendorApplicationTests : Starting EcommerceMultiVendorApplicationTests using Java 21.0.3 with PID 12504 (started by ME in C:\storage drive\projects\videos\Ecommerce-Multi-Vendor-Project-2024-10-10-03-20-48\Ecommerce Multi Vendor Project\source code\backend-spring boot)
2025-03-20T15:20:13.679+05:30  INFO 12504 --- [           main] c.z.EcommerceMultiVendorApplicationTests : No active profile set, falling back to 1 default profile: "default"
2025-03-20T15:20:16.679+05:30  INFO 12504 --- [           main] .s.d.r.c.RepositoryConfigurationDelegate : Bootstrapping Spring Data JPA repositories in DEFAULT mode.
2025-03-20T15:20:17.121+05:30  INFO 12504 --- [           main] .s.d.r.c.RepositoryConfigurationDelegate : Finished Spring Data repository scanning in 414 ms. Found 21 JPA repository interfaces.
2025-03-20T15:20:18.787+05:30  INFO 12504 --- [           main] o.hibernate.jpa.internal.util.LogHelper  : HHH000204: Processing PersistenceUnitInfo [name: default]
2025-03-20T15:20:19.037+05:30  INFO 12504 --- [           main] org.hibernate.Version                    : HHH000412: Hibernate ORM core version 6.5.2.Final
2025-03-20T15:20:19.168+05:30  INFO 12504 --- [           main] o.h.c.internal.RegionFactoryInitiator    : HHH000026: Second-level cache disabled
2025-03-20T15:20:20.338+05:30  INFO 12504 --- [           main] o.s.o.j.p.SpringPersistenceUnitInfo      : No LoadTimeWeaver setup: ignoring JPA class transformer
2025-03-20T15:20:20.437+05:30  INFO 12504 --- [           main] com.zaxxer.hikari.HikariDataSource       : HikariPool-1 - Starting...
2025-03-20T15:20:22.553+05:30  INFO 12504 --- [           main] com.zaxxer.hikari.pool.HikariPool        : HikariPool-1 - Added connection com.mysql.cj.jdbc.ConnectionImpl@3514ac7d
2025-03-20T15:20:22.556+05:30  INFO 12504 --- [           main] com.zaxxer.hikari.HikariDataSource       : HikariPool-1 - Start completed.
2025-03-20T15:20:22.790+05:30  WARN 12504 --- [           main] org.hibernate.orm.deprecation            : HHH90000025: MySQL8Dialect does not need to be specified explicitly using 'hibernate.dialect' (remove the property setting and it will be selected by default)
2025-03-20T15:20:22.793+05:30  WARN 12504 --- [           main] org.hibernate.orm.deprecation            : HHH90000026: MySQL8Dialect has been deprecated; use org.hibernate.dialect.MySQLDialect instead
2025-03-20T15:20:27.067+05:30  INFO 12504 --- [           main] o.h.e.t.j.p.i.JtaPlatformInitiator       : HHH000489: No JTA platform available (set 'hibernate.transaction.jta.platform' to enable JTA platform integration)
2025-03-20T15:20:38.119+05:30  INFO 12504 --- [           main] j.LocalContainerEntityManagerFactoryBean : Initialized JPA EntityManagerFactory for persistence unit 'default'
2025-03-20T15:20:39.231+05:30  INFO 12504 --- [           main] o.s.d.j.r.query.QueryEnhancerFactory     : Hibernate is in classpath; If applicable, HQL parser will be used.
2025-03-20T15:20:42.290+05:30  WARN 12504 --- [           main] JpaBaseConfiguration$JpaWebConfiguration : spring.jpa.open-in-view is enabled by default. Therefore, database queries may be performed during view rendering. Explicitly configure spring.jpa.open-in-view to disable this warning
2025-03-20T15:20:42.383+05:30  INFO 12504 --- [           main] r$InitializeUserDetailsManagerConfigurer : Global AuthenticationManager configured with UserDetailsService bean with name customeUserServiceImplementation
2025-03-20T15:20:44.774+05:30  INFO 12504 --- [           main] c.z.EcommerceMultiVendorApplicationTests : Started EcommerceMultiVendorApplicationTests in 31.859 seconds (process running for 34.533)
Hibernate: select u1_0.id,u1_0.email,u1_0.full_name,u1_0.mobile,u1_0.password,u1_0.role from user u1_0 where u1_0.email=?
]]></system-out>
    <system-err><![CDATA[WARNING: A Java agent has been loaded dynamically (C:\Users\Ashutosh\.m2\repository\net\bytebuddy\byte-buddy-agent\1.14.18\byte-buddy-agent-1.14.18.jar)
WARNING: If a serviceability tool is in use, please run with -XX:+EnableDynamicAgentLoading to hide this warning
WARNING: If a serviceability tool is not in use, please run with -Djdk.instrument.traceUsage for more information
WARNING: Dynamic loading of agents will be disallowed by default in a future release
]]></system-err>
  </testcase>
</testsuite>